[0.113s] Invoking command in '/home/pi/ros2_ws/build/turtlebot3_control': CMAKE_PREFIX_PATH=${CMAKE_PREFIX_PATH}:/home/pi/turtlebot3_ws/install/turtlebot3_teleop:/home/pi/turtlebot3_ws/install/turtlebot3_example:/opt/ros/humble /usr/bin/cmake --build /home/pi/ros2_ws/build/turtlebot3_control -- -j4 -l4
[0.615s] [ 16%] [32mBuilding CXX object CMakeFiles/move_turtlebot.dir/src/audio_input.cpp.o[0m
[8.834s] [01m[K/home/pi/ros2_ws/src/turtlebot3_control/src/audio_input.cpp:[m[K In member function â€˜[01m[Kvoid AudioInput::record_audio(int)[m[Kâ€™:
[8.836s] [01m[K/home/pi/ros2_ws/src/turtlebot3_control/src/audio_input.cpp:81:38:[m[K [01;31m[Kerror: [m[Kâ€˜[01m[KPa_GetDeviceInto[m[Kâ€™ was not declared in this scope; did you mean â€˜[01m[KPa_GetDeviceInfo[m[Kâ€™?
[8.837s]    81 |     const PaDeviceInfo* deviceInfo = [01;31m[KPa_GetDeviceInto[m[K(input_device);
[8.838s]       |                                      [01;31m[K^~~~~~~~~~~~~~~~[m[K
[8.839s]       |                                      [32m[KPa_GetDeviceInfo[m[K
[8.898s] [01m[K/home/pi/ros2_ws/src/turtlebot3_control/src/audio_input.cpp:[m[K In function â€˜[01m[Kint read_mic_callback(const void*, void*, long unsigned int, const PaStreamCallbackTimeInfo*, PaStreamCallbackFlags, void*)[m[Kâ€™:
[8.899s] [01m[K/home/pi/ros2_ws/src/turtlebot3_control/src/audio_input.cpp:175:16:[m[K [01;35m[Kwarning: [m[Kunused variable â€˜[01m[Kdata[m[Kâ€™ [[01;35m[K]8;;https://gcc.gnu.org/onlinedocs/gcc/Warning-Options.html#index-Wunused-variable-Wunused-variable]8;;[m[K]
[8.901s]   175 |     MicSample *[01;35m[Kdata[m[K = (MicSample*)userData;
[8.902s]       |                [01;35m[K^~~~[m[K
[8.903s] [01m[K/home/pi/ros2_ws/src/turtlebot3_control/src/audio_input.cpp:182:9:[m[K [01;35m[Kwarning: [m[Kunused variable â€˜[01m[K_esc_tone[m[Kâ€™ [[01;35m[K]8;;https://gcc.gnu.org/onlinedocs/gcc/Warning-Options.html#index-Wunused-variable-Wunused-variable]8;;[m[K]
[8.905s]   182 |     int [01;35m[K_esc_tone[m[K = 15;
[8.906s]       |         [01;35m[K^~~~~~~~~[m[K
[8.908s] [01m[K/home/pi/ros2_ws/src/turtlebot3_control/src/audio_input.cpp:170:60:[m[K [01;35m[Kwarning: [m[Kunused parameter â€˜[01m[Ktime_info[m[Kâ€™ [[01;35m[K]8;;https://gcc.gnu.org/onlinedocs/gcc/Warning-Options.html#index-Wunused-parameter-Wunused-parameter]8;;[m[K]
[8.909s]   170 |                      [01;35m[Kconst PaStreamCallbackTimeInfo* time_info[m[K,
[8.911s]       |                      [01;35m[K~~~~~~~~~~~~~~~~~~~~~~~~~~~~~~~~^~~~~~~~~[m[K
[8.913s] 
[8.915s] [01m[K/home/pi/ros2_ws/src/turtlebot3_control/src/audio_input.cpp:171:50:[m[K [01;35m[Kwarning: [m[Kunused parameter â€˜[01m[Kstatus_flags[m[Kâ€™ [[01;35m[K]8;;https://gcc.gnu.org/onlinedocs/gcc/Warning-Options.html#index-Wunused-parameter-Wunused-parameter]8;;[m[K]
[8.916s]   171 |                            [01;35m[KPaStreamCallbackFlags status_flags[m[K,
[8.918s]       |                            [01;35m[K~~~~~~~~~~~~~~~~~~~~~~^~~~~~~~~~~~[m[K
[8.924s] [01m[K/home/pi/ros2_ws/src/turtlebot3_control/src/audio_input.cpp:[m[K In member function â€˜[01m[Kvoid AudioInput::check_sequence(TestResult&, std::vector<int>&, std::vector<int>&)[m[Kâ€™:
[8.926s] [01m[K/home/pi/ros2_ws/src/turtlebot3_control/src/audio_input.cpp:319:23:[m[K [01;35m[Kwarning: [m[Kcomparison of integer expressions of different signedness: â€˜[01m[Kint[m[Kâ€™ and â€˜[01m[Kstd::vector<int>::size_type[m[Kâ€™ {aka â€˜[01m[Klong unsigned int[m[Kâ€™} [[01;35m[K]8;;https://gcc.gnu.org/onlinedocs/gcc/Warning-Options.html#index-Wsign-compare-Wsign-compare]8;;[m[K]
[8.927s]   319 |     for (int i = 0; [01;35m[Ki < tones.size()[m[K; i++){
[8.928s]       |                     [01;35m[K~~^~~~~~~~~~~~~~[m[K
[9.962s] gmake[2]: *** [CMakeFiles/move_turtlebot.dir/build.make:118: CMakeFiles/move_turtlebot.dir/src/audio_input.cpp.o] Error 1
[9.964s] gmake[1]: *** [CMakeFiles/Makefile2:137: CMakeFiles/move_turtlebot.dir/all] Error 2
[9.967s] gmake: *** [Makefile:146: all] Error 2
[9.983s] Invoked command in '/home/pi/ros2_ws/build/turtlebot3_control' returned '2': CMAKE_PREFIX_PATH=${CMAKE_PREFIX_PATH}:/home/pi/turtlebot3_ws/install/turtlebot3_teleop:/home/pi/turtlebot3_ws/install/turtlebot3_example:/opt/ros/humble /usr/bin/cmake --build /home/pi/ros2_ws/build/turtlebot3_control -- -j4 -l4
