[  6%] [32mBuilding CXX object CMakeFiles/move_turtlebot.dir/src/main.cpp.o[0m
[ 13%] [32mBuilding CXX object CMakeFiles/move_turtlebot.dir/src/move_turtlebot.cpp.o[0m
[ 20%] [32mBuilding CXX object CMakeFiles/move_turtlebot.dir/home/pi/Mobile_robotsystem/cpp/src/communication_protocol/application_layer.cpp.o[0m
[01m[K/home/pi/Mobile_robotsystem/cpp/src/communication_protocol/application_layer.cpp:[m[K In member function â€˜[01m[Kstd::vector<robot_command> ApplicationLayer::bits_to_commands(std::string)[m[Kâ€™:
[01m[K/home/pi/Mobile_robotsystem/cpp/src/communication_protocol/application_layer.cpp:140:23:[m[K [01;35m[Kwarning: [m[Kcomparison of integer expressions of different signedness: â€˜[01m[Kint[m[Kâ€™ and â€˜[01m[Ksize_t[m[Kâ€™ {aka â€˜[01m[Klong unsigned int[m[Kâ€™} [[01;35m[K]8;;https://gcc.gnu.org/onlinedocs/gcc/Warning-Options.html#index-Wsign-compare-Wsign-compare]8;;[m[K]
  140 |     for (int i = 0; [01;35m[Ki <= length[m[K; i += NIBBLE_SIZE)
      |                     [01;35m[K~~^~~~~~~~~[m[K
[01m[K/home/pi/Mobile_robotsystem/cpp/src/communication_protocol/application_layer.cpp:140:39:[m[K [01;31m[Kerror: [m[Kâ€˜[01m[KNIBBLE_SIZE[m[Kâ€™ was not declared in this scope
  140 |     for (int i = 0; i <= length; i += [01;31m[KNIBBLE_SIZE[m[K)
      |                                       [01;31m[K^~~~~~~~~~~[m[K
[01m[K/home/pi/Mobile_robotsystem/cpp/src/communication_protocol/application_layer.cpp:[m[K At global scope:
[01m[K/home/pi/Mobile_robotsystem/cpp/src/communication_protocol/application_layer.cpp:207:28:[m[K [01;31m[Kerror: [m[Kno declaration matches â€˜[01m[Kstd::vector<robot_command> ApplicationLayer::python_to_cpp(std::vector<std::vector<std::__cxx11::basic_string<char> > >)[m[Kâ€™
  207 | std::vector<robot_command> [01;31m[KApplicationLayer[m[K::python_to_cpp(std::vector<std::vector<std::string>> python_string){
      |                            [01;31m[K^~~~~~~~~~~~~~~~[m[K
[01m[K/home/pi/Mobile_robotsystem/cpp/src/communication_protocol/application_layer.cpp:207:28:[m[K [01;36m[Knote: [m[Kno functions named â€˜[01m[Kstd::vector<robot_command> ApplicationLayer::python_to_cpp(std::vector<std::vector<std::__cxx11::basic_string<char> > >)[m[Kâ€™
In file included from [01m[K/home/pi/Mobile_robotsystem/cpp/src/communication_protocol/application_layer.cpp:1[m[K:
[01m[K/home/pi/Mobile_robotsystem/ros2_ws/src/turtlebot3_control/../../../cpp/include/communication_protocol/application_layer.h:25:7:[m[K [01;36m[Knote: [m[Kâ€˜[01m[Kclass ApplicationLayer[m[Kâ€™ defined here
   25 | class [01;36m[KApplicationLayer[m[K
      |       [01;36m[K^~~~~~~~~~~~~~~~[m[K
[01m[K/home/pi/Mobile_robotsystem/cpp/src/communication_protocol/application_layer.cpp:217:39:[m[K [01;31m[Kerror: [m[Kno declaration matches â€˜[01m[Kstd::vector<std::vector<std::__cxx11::basic_string<char> > > ApplicationLayer::cpp_to_robot(std::vector<robot_command>)[m[Kâ€™
  217 | std::vector<std::vector<std::string>> [01;31m[KApplicationLayer[m[K::cpp_to_robot(std::vector<robot_command> python_path){
      |                                       [01;31m[K^~~~~~~~~~~~~~~~[m[K
[01m[K/home/pi/Mobile_robotsystem/cpp/src/communication_protocol/application_layer.cpp:217:39:[m[K [01;36m[Knote: [m[Kno functions named â€˜[01m[Kstd::vector<std::vector<std::__cxx11::basic_string<char> > > ApplicationLayer::cpp_to_robot(std::vector<robot_command>)[m[Kâ€™
In file included from [01m[K/home/pi/Mobile_robotsystem/cpp/src/communication_protocol/application_layer.cpp:1[m[K:
[01m[K/home/pi/Mobile_robotsystem/ros2_ws/src/turtlebot3_control/../../../cpp/include/communication_protocol/application_layer.h:25:7:[m[K [01;36m[Knote: [m[Kâ€˜[01m[Kclass ApplicationLayer[m[Kâ€™ defined here
   25 | class [01;36m[KApplicationLayer[m[K
      |       [01;36m[K^~~~~~~~~~~~~~~~[m[K
gmake[2]: *** [CMakeFiles/move_turtlebot.dir/build.make:174: CMakeFiles/move_turtlebot.dir/home/pi/Mobile_robotsystem/cpp/src/communication_protocol/application_layer.cpp.o] Error 1
gmake[2]: *** Waiting for unfinished jobs....
[01m[K/home/pi/Mobile_robotsystem/ros2_ws/src/turtlebot3_control/src/main.cpp:[m[K In function â€˜[01m[Kint main(int, char**)[m[Kâ€™:
[01m[K/home/pi/Mobile_robotsystem/ros2_ws/src/turtlebot3_control/src/main.cpp:112:64:[m[K [01;31m[Kerror: [m[Kâ€˜[01m[Kcpp_to_robot[m[Kâ€™ was not declared in this scope
  112 | <std::string>> robtek_strings = [01;31m[Kcpp_to_robot[m[K(robtek);
      |                                 [01;31m[K^~~~~~~~~~~~[m[K

[01m[K/home/pi/Mobile_robotsystem/ros2_ws/src/turtlebot3_control/src/main.cpp:186:10:[m[K [01;35m[Kwarning: [m[Kunused variable â€˜[01m[Kack_check[m[Kâ€™ [[01;35m[K]8;;https://gcc.gnu.org/onlinedocs/gcc/Warning-Options.html#index-Wunused-variable-Wunused-variable]8;;[m[K]
  186 |     bool [01;35m[Kack_check[m[K = false;
      |          [01;35m[K^~~~~~~~~[m[K
In file included from [01m[K/home/pi/Mobile_robotsystem/ros2_ws/src/turtlebot3_control/src/main.cpp:9[m[K:
[01m[K/home/pi/Mobile_robotsystem/ros2_ws/src/turtlebot3_control/../../../cpp/include/audio/audio_input.h:[m[K At global scope:
[01m[K/home/pi/Mobile_robotsystem/ros2_ws/src/turtlebot3_control/../../../cpp/include/audio/audio_input.h:63:12:[m[K [01;35m[Kwarning: [m[Kâ€˜[01m[Kint read_mic_callback(const void*, void*, long unsigned int, const PaStreamCallbackTimeInfo*, PaStreamCallbackFlags, void*)[m[Kâ€™ declared â€˜[01m[Kstatic[m[Kâ€™ but never defined [[01;35m[K]8;;https://gcc.gnu.org/onlinedocs/gcc/Warning-Options.html#index-Wunused-function-Wunused-function]8;;[m[K]
   63 | static int [01;35m[Kread_mic_callback[m[K(const void *input_buffer, void *output_buffer,
      |            [01;35m[K^~~~~~~~~~~~~~~~~[m[K
gmake[2]: *** [CMakeFiles/move_turtlebot.dir/build.make:76: CMakeFiles/move_turtlebot.dir/src/main.cpp.o] Error 1
gmake[1]: *** [CMakeFiles/Makefile2:137: CMakeFiles/move_turtlebot.dir/all] Error 2
gmake: *** [Makefile:146: all] Error 2
