-- The C compiler identification is GNU 11.4.0
-- The CXX compiler identification is GNU 11.4.0
-- Detecting C compiler ABI info
-- Detecting C compiler ABI info - done
-- Check for working C compiler: /usr/bin/cc - skipped
-- Detecting C compile features
-- Detecting C compile features - done
-- Detecting CXX compiler ABI info
-- Detecting CXX compiler ABI info - done
-- Check for working CXX compiler: /usr/bin/c++ - skipped
-- Detecting CXX compile features
-- Detecting CXX compile features - done
-- Found ament_cmake: 1.3.10 (/opt/ros/humble/share/ament_cmake/cmake)
-- Found Python3: /usr/bin/python3 (found version "3.10.12") found components: Interpreter 
-- Found rclcpp: 16.0.10 (/opt/ros/humble/share/rclcpp/cmake)
-- Found rosidl_generator_c: 3.1.5 (/opt/ros/humble/share/rosidl_generator_c/cmake)
-- Found rosidl_adapter: 3.1.5 (/opt/ros/humble/share/rosidl_adapter/cmake)
-- Found rosidl_generator_cpp: 3.1.5 (/opt/ros/humble/share/rosidl_generator_cpp/cmake)
-- Using all available rosidl_typesupport_c: rosidl_typesupport_fastrtps_c;rosidl_typesupport_introspection_c
-- Using all available rosidl_typesupport_cpp: rosidl_typesupport_fastrtps_cpp;rosidl_typesupport_introspection_cpp
-- Found rmw_implementation_cmake: 6.1.2 (/opt/ros/humble/share/rmw_implementation_cmake/cmake)
-- Found rmw_fastrtps_cpp: 6.2.7 (/opt/ros/humble/share/rmw_fastrtps_cpp/cmake)
-- Found OpenSSL: /usr/lib/aarch64-linux-gnu/libcrypto.so (found version "3.0.2")  
-- Found FastRTPS: /opt/ros/humble/include  
-- Using RMW implementation 'rmw_fastrtps_cpp' as default
-- Looking for pthread.h
-- Looking for pthread.h - found
-- Performing Test CMAKE_HAVE_LIBC_PTHREAD
-- Performing Test CMAKE_HAVE_LIBC_PTHREAD - Success
-- Found Threads: TRUE  
-- Found geometry_msgs: 4.2.4 (/opt/ros/humble/share/geometry_msgs/cmake)
-- Found nav_msgs: 4.2.4 (/opt/ros/humble/share/nav_msgs/cmake)
-- Found tf2: 0.25.8 (/opt/ros/humble/share/tf2/cmake)
-- Found tf2_geometry_msgs: 0.25.8 (/opt/ros/humble/share/tf2_geometry_msgs/cmake)
-- Found eigen3_cmake_module: 0.1.1 (/opt/ros/humble/share/eigen3_cmake_module/cmake)
-- Found Eigen3: TRUE (found version "3.4.0") 
-- Ensuring Eigen3 include directory is part of orocos-kdl CMake target
-- Found rosidl_default_generators: 1.2.0 (/opt/ros/humble/share/rosidl_default_generators/cmake)
-- Found PortAudio: /usr/local/lib/libportaudio.so
-- Found PortAudio headers: /usr/local/include
-- Found SFML 2.5.1 in /usr/lib/aarch64-linux-gnu/cmake/SFML
-- SFML found: 
-- Configuring done
-- Generating done
-- Build files have been written to: /home/pi/ros2_ws/build/turtlebot3_control
[ 20%] [32mBuilding CXX object CMakeFiles/move_turtlebot.dir/src/main.cpp.o[0m
[ 40%] [32mBuilding CXX object CMakeFiles/move_turtlebot.dir/src/goertzel.cpp.o[0m
[ 60%] [32mBuilding CXX object CMakeFiles/move_turtlebot.dir/src/move_turtlebot.cpp.o[0m
[ 80%] [32mBuilding CXX object CMakeFiles/move_turtlebot.dir/src/audio_input.cpp.o[0m
In file included from [01m[K/home/pi/ros2_ws/src/turtlebot3_control/src/goertzel.cpp:1[m[K:
[01m[K/home/pi/ros2_ws/src/turtlebot3_control/include/goertzel.h:[m[K In constructor â€˜[01m[KGoertzel::Goertzel(std::vector<float>)[m[Kâ€™:
[01m[K/home/pi/ros2_ws/src/turtlebot3_control/include/goertzel.h:29:24:[m[K [01;35m[Kwarning: [m[Kâ€˜[01m[KGoertzel::_data[m[Kâ€™ will be initialized after [[01;35m[K]8;;https://gcc.gnu.org/onlinedocs/gcc/Warning-Options.html#index-Wreorder-Wreorder]8;;[m[K]
   29 |     std::vector<float> [01;35m[K_data[m[K;
      |                        [01;35m[K^~~~~[m[K
[01m[K/home/pi/ros2_ws/src/turtlebot3_control/include/goertzel.h:27:9:[m[K [01;35m[Kwarning: [m[K  â€˜[01m[Kint Goertzel::_size_of_signal[m[Kâ€™ [[01;35m[K]8;;https://gcc.gnu.org/onlinedocs/gcc/Warning-Options.html#index-Wreorder-Wreorder]8;;[m[K]
   27 |     int [01;35m[K_size_of_signal[m[K;
      |         [01;35m[K^~~~~~~~~~~~~~~[m[K
[01m[K/home/pi/ros2_ws/src/turtlebot3_control/src/goertzel.cpp:8:1:[m[K [01;35m[Kwarning: [m[K  when initialized here [[01;35m[K]8;;https://gcc.gnu.org/onlinedocs/gcc/Warning-Options.html#index-Wreorder-Wreorder]8;;[m[K]
    8 | [01;35m[KGoertzel[m[K::Goertzel(const std::vector<float> data)
      | [01;35m[K^~~~~~~~[m[K
[01m[K/home/pi/ros2_ws/src/turtlebot3_control/src/goertzel.cpp:[m[K In member function â€˜[01m[Kvoid Goertzel::_init_coefficients()[m[Kâ€™:
[01m[K/home/pi/ros2_ws/src/turtlebot3_control/src/goertzel.cpp:26:23:[m[K [01;35m[Kwarning: [m[Kcomparison of integer expressions of different signedness: â€˜[01m[Kint[m[Kâ€™ and â€˜[01m[Kstd::vector<int>::size_type[m[Kâ€™ {aka â€˜[01m[Klong unsigned int[m[Kâ€™} [[01;35m[K]8;;https://gcc.gnu.org/onlinedocs/gcc/Warning-Options.html#index-Wsign-compare-Wsign-compare]8;;[m[K]
   26 |     for (int i = 0; [01;35m[Ki < _DTMF_freq.size()[m[K; ++i) {
      |                     [01;35m[K~~^~~~~~~~~~~~~~~~~~~[m[K
[01m[K/home/pi/ros2_ws/src/turtlebot3_control/src/goertzel.cpp:[m[K In member function â€˜[01m[Kvoid Goertzel::compute_goertzel()[m[Kâ€™:
[01m[K/home/pi/ros2_ws/src/turtlebot3_control/src/goertzel.cpp:35:41:[m[K [01;35m[Kwarning: [m[Kcomparison of integer expressions of different signedness: â€˜[01m[Kint[m[Kâ€™ and â€˜[01m[Kstd::vector<int>::size_type[m[Kâ€™ {aka â€˜[01m[Klong unsigned int[m[Kâ€™} [[01;35m[K]8;;https://gcc.gnu.org/onlinedocs/gcc/Warning-Options.html#index-Wsign-compare-Wsign-compare]8;;[m[K]
   35 |     for (int freq_index = 0; [01;35m[Kfreq_index < _DTMF_freq.size()[m[K; ++freq_index) {
      |                              [01;35m[K~~~~~~~~~~~^~~~~~~~~~~~~~~~~~~[m[K
[01m[K/home/pi/ros2_ws/src/turtlebot3_control/src/goertzel.cpp:[m[K In member function â€˜[01m[Kvoid Goertzel::sort(std::vector<double>&, std::vector<int>&)[m[Kâ€™:
[01m[K/home/pi/ros2_ws/src/turtlebot3_control/src/goertzel.cpp:85:22:[m[K [01;35m[Kwarning: [m[Kcomparison of integer expressions of different signedness: â€˜[01m[Kint[m[Kâ€™ and â€˜[01m[Kstd::vector<double>::size_type[m[Kâ€™ {aka â€˜[01m[Klong unsigned int[m[Kâ€™} [[01;35m[K]8;;https://gcc.gnu.org/onlinedocs/gcc/Warning-Options.html#index-Wsign-compare-Wsign-compare]8;;[m[K]
   85 |     for(int i = 0; [01;35m[Ki < (x.size())/2-1[m[K; i++){
      |                    [01;35m[K~~^~~~~~~~~~~~~~~~[m[K
[01m[K/home/pi/ros2_ws/src/turtlebot3_control/src/goertzel.cpp:89:27:[m[K [01;35m[Kwarning: [m[Kcomparison of integer expressions of different signedness: â€˜[01m[Kint[m[Kâ€™ and â€˜[01m[Kstd::vector<double>::size_type[m[Kâ€™ {aka â€˜[01m[Klong unsigned int[m[Kâ€™} [[01;35m[K]8;;https://gcc.gnu.org/onlinedocs/gcc/Warning-Options.html#index-Wsign-compare-Wsign-compare]8;;[m[K]
   89 |         for (int j = 0; [01;35m[Kj < (x.size())/2-1[m[K; j++){
      |                         [01;35m[K~~^~~~~~~~~~~~~~~~[m[K
[01m[K/home/pi/ros2_ws/src/turtlebot3_control/src/goertzel.cpp:103:33:[m[K [01;35m[Kwarning: [m[Kcomparison of integer expressions of different signedness: â€˜[01m[Kint[m[Kâ€™ and â€˜[01m[Kstd::vector<double>::size_type[m[Kâ€™ {aka â€˜[01m[Klong unsigned int[m[Kâ€™} [[01;35m[K]8;;https://gcc.gnu.org/onlinedocs/gcc/Warning-Options.html#index-Wsign-compare-Wsign-compare]8;;[m[K]
  103 |     for(int i = (x.size())/2; [01;35m[Ki < x.size()-1[m[K; i++){
      |                               [01;35m[K~~^~~~~~~~~~~~[m[K
[01m[K/home/pi/ros2_ws/src/turtlebot3_control/src/goertzel.cpp:107:38:[m[K [01;35m[Kwarning: [m[Kcomparison of integer expressions of different signedness: â€˜[01m[Kint[m[Kâ€™ and â€˜[01m[Kstd::vector<double>::size_type[m[Kâ€™ {aka â€˜[01m[Klong unsigned int[m[Kâ€™} [[01;35m[K]8;;https://gcc.gnu.org/onlinedocs/gcc/Warning-Options.html#index-Wsign-compare-Wsign-compare]8;;[m[K]
  107 |         for (int j = (x.size())/2; [01;35m[Kj < x.size()-1[m[K; j++){
      |                                    [01;35m[K~~^~~~~~~~~~~~[m[K
[01m[K/home/pi/ros2_ws/src/turtlebot3_control/src/audio_input.cpp:[m[K In function â€˜[01m[Kint read_mic_callback(const void*, void*, long unsigned int, const PaStreamCallbackTimeInfo*, PaStreamCallbackFlags, void*)[m[Kâ€™:
[01m[K/home/pi/ros2_ws/src/turtlebot3_control/src/audio_input.cpp:162:60:[m[K [01;35m[Kwarning: [m[Kunused parameter â€˜[01m[Ktime_info[m[Kâ€™ [[01;35m[K]8;;https://gcc.gnu.org/onlinedocs/gcc/Warning-Options.html#index-Wunused-parameter-Wunused-parameter]8;;[m[K]
  162 |                            [01;35m[Kconst PaStreamCallbackTimeInfo* time_info[m[K,
      |                            [01;35m[K~~~~~~~~~~~~~~~~~~~~~~~~~~~~~~~~^~~~~~~~~[m[K
[01m[K/home/pi/ros2_ws/src/turtlebot3_control/src/audio_input.cpp:163:50:[m[K [01;35m[Kwarning: [m[Kunused parameter â€˜[01m[Kstatus_flags[m[Kâ€™ [[01;35m[K]8;;https://gcc.gnu.org/onlinedocs/gcc/Warning-Options.html#index-Wunused-parameter-Wunused-parameter]8;;[m[K]
  163 |                            [01;35m[KPaStreamCallbackFlags status_flags[m[K,
      |                            [01;35m[K~~~~~~~~~~~~~~~~~~~~~~^~~~~~~~~~~~[m[K
[01m[K/home/pi/ros2_ws/src/turtlebot3_control/src/main.cpp:[m[K In function â€˜[01m[Kint main(int, char**)[m[Kâ€™:
[01m[K/home/pi/ros2_ws/src/turtlebot3_control/src/main.cpp:19:39:[m[K [01;31m[Kerror: [m[Kno matching function for call to â€˜[01m[KAudioInput::AudioInput(int)[m[Kâ€™
   19 |     AudioInput audio_input(SAMPLE_RATE[01;31m[K)[m[K;
      |                                       [01;31m[K^[m[K
In file included from [01m[K/home/pi/ros2_ws/src/turtlebot3_control/src/main.cpp:9[m[K:
[01m[K/home/pi/ros2_ws/src/turtlebot3_control/include/audio_input.h:31:5:[m[K [01;36m[Knote: [m[Kcandidate: â€˜[01m[KAudioInput::AudioInput(int, int)[m[Kâ€™
   31 |     [01;36m[KAudioInput[m[K(int sample_rate, int frames_per_buffer);
      |     [01;36m[K^~~~~~~~~~[m[K
[01m[K/home/pi/ros2_ws/src/turtlebot3_control/include/audio_input.h:31:5:[m[K [01;36m[Knote: [m[K  candidate expects 2 arguments, 1 provided
[01m[K/home/pi/ros2_ws/src/turtlebot3_control/include/audio_input.h:29:7:[m[K [01;36m[Knote: [m[Kcandidate: â€˜[01m[KAudioInput::AudioInput(const AudioInput&)[m[Kâ€™
   29 | class [01;36m[KAudioInput[m[K {
      |       [01;36m[K^~~~~~~~~~[m[K
[01m[K/home/pi/ros2_ws/src/turtlebot3_control/include/audio_input.h:29:7:[m[K [01;36m[Knote: [m[K  no known conversion for argument 1 from â€˜[01m[Kint[m[Kâ€™ to â€˜[01m[Kconst AudioInput&[m[Kâ€™
[01m[K/home/pi/ros2_ws/src/turtlebot3_control/include/audio_input.h:[m[K At global scope:
[01m[K/home/pi/ros2_ws/src/turtlebot3_control/include/audio_input.h:53:12:[m[K [01;35m[Kwarning: [m[Kâ€˜[01m[Kint read_mic_callback(const void*, void*, long unsigned int, const PaStreamCallbackTimeInfo*, PaStreamCallbackFlags, void*)[m[Kâ€™ declared â€˜[01m[Kstatic[m[Kâ€™ but never defined [[01;35m[K]8;;https://gcc.gnu.org/onlinedocs/gcc/Warning-Options.html#index-Wunused-function-Wunused-function]8;;[m[K]
   53 | static int [01;35m[Kread_mic_callback[m[K(const void *input_buffer, void *output_buffer,
      |            [01;35m[K^~~~~~~~~~~~~~~~~[m[K
gmake[2]: *** [CMakeFiles/move_turtlebot.dir/build.make:76: CMakeFiles/move_turtlebot.dir/src/main.cpp.o] Error 1
gmake[1]: *** [CMakeFiles/Makefile2:137: CMakeFiles/move_turtlebot.dir/all] Error 2
gmake: *** [Makefile:146: all] Error 2
