[0.113s] Invoking command in '/home/pi/Mobile_robotsystem/ros2_ws/build/turtlebot3_control': CMAKE_PREFIX_PATH=${CMAKE_PREFIX_PATH}:/home/pi/turtlebot3_ws/install/turtlebot3_teleop:/home/pi/turtlebot3_ws/install/turtlebot3_example:/opt/ros/humble /usr/bin/cmake --build /home/pi/Mobile_robotsystem/ros2_ws/build/turtlebot3_control -- -j4 -l4
[0.480s] [35m[1mConsolidate compiler generated dependencies of target move_turtlebot[0m
[0.732s] [ 16%] [32mBuilding CXX object CMakeFiles/move_turtlebot.dir/src/main.cpp.o[0m
[0.739s] [ 33%] [32mBuilding CXX object CMakeFiles/move_turtlebot.dir/home/pi/Mobile_robotsystem/cpp/src/audio/wave_generator.cpp.o[0m
[0.861s] [01m[K/home/pi/Mobile_robotsystem/cpp/src/audio/wave_generator.cpp:1:10:[m[K [01;31m[Kfatal error: [m[Kwave_generator.h: No such file or directory
[0.862s]     1 | #include [01;31m[K"wave_generator.h"[m[K
[0.863s]       |          [01;31m[K^~~~~~~~~~~~~~~~~~[m[K
[0.864s] compilation terminated.
[0.915s] gmake[2]: *** [CMakeFiles/move_turtlebot.dir/build.make:132: CMakeFiles/move_turtlebot.dir/home/pi/Mobile_robotsystem/cpp/src/audio/wave_generator.cpp.o] Error 1
[0.916s] gmake[2]: *** Waiting for unfinished jobs....
[30.553s] In file included from [01m[K/home/pi/Mobile_robotsystem/ros2_ws/src/turtlebot3_control/src/main.cpp:9[m[K:
[30.554s] [01m[K/home/pi/Mobile_robotsystem/ros2_ws/src/turtlebot3_control/../../../cpp/include/audio/audio_input.h:63:12:[m[K [01;35m[Kwarning: [m[Kâ€˜[01m[Kint read_mic_callback(const void*, void*, long unsigned int, const PaStreamCallbackTimeInfo*, PaStreamCallbackFlags, void*)[m[Kâ€™ declared â€˜[01m[Kstatic[m[Kâ€™ but never defined [[01;35m[K]8;;https://gcc.gnu.org/onlinedocs/gcc/Warning-Options.html#index-Wunused-function-Wunused-function]8;;[m[K]
[30.555s]    63 | static int [01;35m[Kread_mic_callback[m[K(const void *input_buffer, void *output_buffer,
[30.556s]       |            [01;35m[K^~~~~~~~~~~~~~~~~[m[K
[39.937s] gmake[1]: *** [CMakeFiles/Makefile2:137: CMakeFiles/move_turtlebot.dir/all] Error 2
[39.939s] gmake: *** [Makefile:146: all] Error 2
[39.962s] Invoked command in '/home/pi/Mobile_robotsystem/ros2_ws/build/turtlebot3_control' returned '2': CMAKE_PREFIX_PATH=${CMAKE_PREFIX_PATH}:/home/pi/turtlebot3_ws/install/turtlebot3_teleop:/home/pi/turtlebot3_ws/install/turtlebot3_example:/opt/ros/humble /usr/bin/cmake --build /home/pi/Mobile_robotsystem/ros2_ws/build/turtlebot3_control -- -j4 -l4
